# JRE version: Java(TM) SE Runtime Environment (8.0_131-b11) (build 1.8.0_131-b11)
# Java VM: Java HotSpot(TM) 64-Bit Server VM (25.131-b11 mixed mode windows-amd64 compressed oops)
Heap:
 PSYoungGen      total 270336K, used 193457K [0x00000000e0000000, 0x00000000f5300000, 0x0000000100000000)
  eden space 253440K, 69% used [0x00000000e0000000,0x00000000eacb01b0,0x00000000ef780000)
  from space 16896K, 98% used [0x00000000f4280000,0x00000000f52bc258,0x00000000f5300000)
  to   space 26112K, 0% used [0x00000000f2000000,0x00000000f2000000,0x00000000f3980000)
 ParOldGen       total 144896K, used 70228K [0x00000000a0000000, 0x00000000a8d80000, 0x00000000e0000000)
  object space 144896K, 48% used [0x00000000a0000000,0x00000000a4495228,0x00000000a8d80000)
 Metaspace       used 74249K, capacity 80618K, committed 80640K, reserved 1118208K
  class space    used 9888K, capacity 11247K, committed 11264K, reserved 1048576K
GC Heap History (10 events):
Event: 1288.882 GC heap before
{Heap before GC invocations=21 (full 3):
 PSYoungGen      total 316416K, used 315944K [0x00000000e0000000, 0x00000000f9000000, 0x0000000100000000)
  eden space 307200K, 99% used [0x00000000e0000000,0x00000000f2bfe9f8,0x00000000f2c00000)
  from space 9216K, 94% used [0x00000000f5f00000,0x00000000f678b790,0x00000000f6800000)
  to   space 27136K, 0% used [0x00000000f7580000,0x00000000f7580000,0x00000000f9000000)
 ParOldGen       total 144896K, used 70188K [0x00000000a0000000, 0x00000000a8d80000, 0x00000000e0000000)
  object space 144896K, 48% used [0x00000000a0000000,0x00000000a448b228,0x00000000a8d80000)
 Metaspace       used 73595K, capacity 79686K, committed 79744K, reserved 1118208K
  class space    used 9839K, capacity 11125K, committed 11136K, reserved 1048576K
Event: 1288.923 GC heap after
Heap after GC invocations=21 (full 3):
 PSYoungGen      total 314368K, used 18681K [0x00000000e0000000, 0x00000000f8800000, 0x0000000100000000)
  eden space 295424K, 0% used [0x00000000e0000000,0x00000000e0000000,0x00000000f2080000)
  from space 18944K, 98% used [0x00000000f7580000,0x00000000f87be5a8,0x00000000f8800000)
  to   space 27648K, 0% used [0x00000000f5200000,0x00000000f5200000,0x00000000f6d00000)
 ParOldGen       total 144896K, used 70196K [0x00000000a0000000, 0x00000000a8d80000, 0x00000000e0000000)
  object space 144896K, 48% used [0x00000000a0000000,0x00000000a448d228,0x00000000a8d80000)
 Metaspace       used 73595K, capacity 79686K, committed 79744K, reserved 1118208K
  class space    used 9839K, capacity 11125K, committed 11136K, reserved 1048576K
}
Event: 1992.705 GC heap before
{Heap before GC invocations=22 (full 3):
 PSYoungGen      total 314368K, used 314105K [0x00000000e0000000, 0x00000000f8800000, 0x0000000100000000)
  eden space 295424K, 100% used [0x00000000e0000000,0x00000000f2080000,0x00000000f2080000)
  from space 18944K, 98% used [0x00000000f7580000,0x00000000f87be5a8,0x00000000f8800000)
  to   space 27648K, 0% used [0x00000000f5200000,0x00000000f5200000,0x00000000f6d00000)
 ParOldGen       total 144896K, used 70196K [0x00000000a0000000, 0x00000000a8d80000, 0x00000000e0000000)
  object space 144896K, 48% used [0x00000000a0000000,0x00000000a448d228,0x00000000a8d80000)
 Metaspace       used 73742K, capacity 79952K, committed 80128K, reserved 1118208K
  class space    used 9852K, capacity 11168K, committed 11264K, reserved 1048576K
Event: 1992.735 GC heap after
Heap after GC invocations=22 (full 3):
 PSYoungGen      total 293888K, used 9558K [0x00000000e0000000, 0x00000000f7600000, 0x0000000100000000)
  eden space 284160K, 0% used [0x00000000e0000000,0x00000000e0000000,0x00000000f1580000)
  from space 9728K, 98% used [0x00000000f5200000,0x00000000f5b55890,0x00000000f5b80000)
  to   space 27136K, 0% used [0x00000000f5b80000,0x00000000f5b80000,0x00000000f7600000)
 ParOldGen       total 144896K, used 70204K [0x00000000a0000000, 0x00000000a8d80000, 0x00000000e0000000)
  object space 144896K, 48% used [0x00000000a0000000,0x00000000a448f228,0x00000000a8d80000)
 Metaspace       used 73742K, capacity 79952K, committed 80128K, reserved 1118208K
  class space    used 9852K, capacity 11168K, committed 11264K, reserved 1048576K
}
Event: 1998.972 GC heap before
{Heap before GC invocations=23 (full 3):
 PSYoungGen      total 293888K, used 293718K [0x00000000e0000000, 0x00000000f7600000, 0x0000000100000000)
  eden space 284160K, 100% used [0x00000000e0000000,0x00000000f1580000,0x00000000f1580000)
  from space 9728K, 98% used [0x00000000f5200000,0x00000000f5b55890,0x00000000f5b80000)
  to   space 27136K, 0% used [0x00000000f5b80000,0x00000000f5b80000,0x00000000f7600000)
 ParOldGen       total 144896K, used 70204K [0x00000000a0000000, 0x00000000a8d80000, 0x00000000e0000000)
  object space 144896K, 48% used [0x00000000a0000000,0x00000000a448f228,0x00000000a8d80000)
 Metaspace       used 73992K, capacity 80270K, committed 80384K, reserved 1118208K
  class space    used 9870K, capacity 11199K, committed 11264K, reserved 1048576K
Event: 1999.002 GC heap after
Heap after GC invocations=23 (full 3):
 PSYoungGen      total 290816K, used 17244K [0x00000000e0000000, 0x00000000f6c80000, 0x0000000100000000)
  eden space 273408K, 0% used [0x00000000e0000000,0x00000000e0000000,0x00000000f0b00000)
  from space 17408K, 99% used [0x00000000f5b80000,0x00000000f6c57138,0x00000000f6c80000)
  to   space 27136K, 0% used [0x00000000f3780000,0x00000000f3780000,0x00000000f5200000)
 ParOldGen       total 144896K, used 70212K [0x00000000a0000000, 0x00000000a8d80000, 0x00000000e0000000)
  object space 144896K, 48% used [0x00000000a0000000,0x00000000a4491228,0x00000000a8d80000)
 Metaspace       used 73992K, capacity 80270K, committed 80384K, reserved 1118208K
  class space    used 9870K, capacity 11199K, committed 11264K, reserved 1048576K
}
Event: 2727.891 GC heap before
{Heap before GC invocations=24 (full 3):
 PSYoungGen      total 290816K, used 290652K [0x00000000e0000000, 0x00000000f6c80000, 0x0000000100000000)
  eden space 273408K, 100% used [0x00000000e0000000,0x00000000f0b00000,0x00000000f0b00000)
  from space 17408K, 99% used [0x00000000f5b80000,0x00000000f6c57138,0x00000000f6c80000)
  to   space 27136K, 0% used [0x00000000f3780000,0x00000000f3780000,0x00000000f5200000)
 ParOldGen       total 144896K, used 70212K [0x00000000a0000000, 0x00000000a8d80000, 0x00000000e0000000)
  object space 144896K, 48% used [0x00000000a0000000,0x00000000a4491228,0x00000000a8d80000)
 Metaspace       used 74092K, capacity 80472K, committed 80640K, reserved 1118208K
  class space    used 9882K, capacity 11242K, committed 11264K, reserved 1048576K
Event: 2727.905 GC heap after
Heap after GC invocations=24 (full 3):
 PSYoungGen      total 274432K, used 10757K [0x00000000e0000000, 0x00000000f5c00000, 0x0000000100000000)
  eden space 263168K, 0% used [0x00000000e0000000,0x00000000e0000000,0x00000000f0100000)
  from space 11264K, 95% used [0x00000000f3780000,0x00000000f4201420,0x00000000f4280000)
  to   space 26112K, 0% used [0x00000000f4280000,0x00000000f4280000,0x00000000f5c00000)
 ParOldGen       total 144896K, used 70220K [0x00000000a0000000, 0x00000000a8d80000, 0x00000000e0000000)
  object space 144896K, 48% used [0x00000000a0000000,0x00000000a4493228,0x00000000a8d80000)
 Metaspace       used 74092K, capacity 80472K, committed 80640K, reserved 1118208K
  class space    used 9882K, capacity 11242K, committed 11264K, reserved 1048576K
}
Event: 2731.978 GC heap before
{Heap before GC invocations=25 (full 3):
 PSYoungGen      total 274432K, used 273539K [0x00000000e0000000, 0x00000000f5c00000, 0x0000000100000000)
  eden space 263168K, 99% used [0x00000000e0000000,0x00000000f009fbd0,0x00000000f0100000)
  from space 11264K, 95% used [0x00000000f3780000,0x00000000f4201420,0x00000000f4280000)
  to   space 26112K, 0% used [0x00000000f4280000,0x00000000f4280000,0x00000000f5c00000)
 ParOldGen       total 144896K, used 70220K [0x00000000a0000000, 0x00000000a8d80000, 0x00000000e0000000)
  object space 144896K, 48% used [0x00000000a0000000,0x00000000a4493228,0x00000000a8d80000)
 Metaspace       used 74207K, capacity 80542K, committed 80640K, reserved 1118208K
  class space    used 9885K, capacity 11243K, committed 11264K, reserved 1048576K
Event: 2731.997 GC heap after
Heap after GC invocations=25 (full 3):
 PSYoungGen      total 270336K, used 16624K [0x00000000e0000000, 0x00000000f5300000, 0x0000000100000000)
  eden space 253440K, 0% used [0x00000000e0000000,0x00000000e0000000,0x00000000ef780000)
  from space 16896K, 98% used [0x00000000f4280000,0x00000000f52bc258,0x00000000f5300000)
  to   space 26112K, 0% used [0x00000000f2000000,0x00000000f2000000,0x00000000f3980000)
 ParOldGen       total 144896K, used 70228K [0x00000000a0000000, 0x00000000a8d80000, 0x00000000e0000000)
  object space 144896K, 48% used [0x00000000a0000000,0x00000000a4495228,0x00000000a8d80000)
 Metaspace       used 74207K, capacity 80542K, committed 80640K, reserved 1118208K
  class space    used 9885K, capacity 11243K, committed 11264K, reserved 1048576K
}

